Arguments: 
  /Users/jacobniedz/.nvm/versions/node/v12.19.0/bin/node /Users/jacobniedz/.yarn/bin/yarn.js add tonejs

PATH: 
  /Users/jacobniedz/.yarn/bin:/Users/jacobniedz/.config/yarn/global/node_modules/.bin:/Users/jacobniedz/.nvm/versions/node/v12.19.0/bin:/usr/local/bin:/usr/bin:/bin:/usr/sbin:/sbin:/usr/local/share/dotnet:~/.dotnet/tools:/Library/Frameworks/Mono.framework/Versions/Current/Commands:/Applications/Wireshark.app/Contents/MacOS

Yarn version: 
  1.22.4

Node version: 
  12.19.0

Platform: 
  darwin x64

Trace: 
  Error: https://registry.yarnpkg.com/tonejs: Not found
      at Request.params.callback [as _callback] (/Users/jacobniedz/.yarn/lib/cli.js:66987:18)
      at Request.self.callback (/Users/jacobniedz/.yarn/lib/cli.js:140748:22)
      at Request.emit (events.js:314:20)
      at Request.<anonymous> (/Users/jacobniedz/.yarn/lib/cli.js:141720:10)
      at Request.emit (events.js:314:20)
      at IncomingMessage.<anonymous> (/Users/jacobniedz/.yarn/lib/cli.js:141642:12)
      at Object.onceWrapper (events.js:420:28)
      at IncomingMessage.emit (events.js:326:22)
      at endReadableNT (_stream_readable.js:1223:12)
      at processTicksAndRejections (internal/process/task_queues.js:84:21)

npm manifest: 
  {
    "name": "holiday-corner",
    "version": "0.1.0",
    "description": "",
    "main": "index.js",
    "scripts": {
      "test": "echo \"Error: no test specified\" && exit 1"
    },
    "repository": {
      "type": "git",
      "url": "git+https://github.com/Cultch-DS/web-audio-demo.git"
    },
    "author": "",
    "license": "ISC",
    "bugs": {
      "url": "https://github.com/Cultch-DS/web-audio-demo/issues"
    },
    "homepage": "https://github.com/Cultch-DS/web-audio-demo#readme"
  }

yarn manifest: 
  No manifest

Lockfile: 
  No lockfile
